<?xml version="1.0" encoding="UTF-8"?>
<!-- Generated by org.testng.reporters.JUnitXMLReporter -->
<testsuite ignored="6" hostname="DESKTOP-19MK4S1" failures="0" tests="1" name="Default test" time="56.349" errors="0" timestamp="2023-08-01T09:08:48 IST">
  <testcase classname="com.luma.qspiders.endtoendtest.LumaTestCase" name="LumaApplyFilterToProduct" time="23.296"/>
  <testcase classname="com.luma.qspiders.endtoendtest.LumaTestCase" name="ProductRemoving" time="0.0">
    <ignored/>
  </testcase> <!-- ProductRemoving -->
  <testcase classname="com.luma.qspiders.endtoendtest.LumaTestCase" name="homePageCheck" time="0.0">
    <ignored/>
  </testcase> <!-- homePageCheck -->
  <testcase classname="com.luma.qspiders.endtoendtest.LumaTestCase" name="LumaWishListToCartCheck" time="0.0">
    <ignored/>
  </testcase> <!-- LumaWishListToCartCheck -->
  <testcase classname="com.luma.qspiders.endtoendtest.LumaTestCase" name="searchProductWishlist" time="0.0">
    <ignored/>
  </testcase> <!-- searchProductWishlist -->
  <testcase classname="com.luma.qspiders.endtoendtest.LumaTestCase" name="lumaCompareProducts" time="0.0">
    <ignored/>
  </testcase> <!-- lumaCompareProducts -->
  <testcase classname="com.luma.qspiders.endtoendtest.LumaTestCase" name="menSectionCart" time="0.0">
    <ignored/>
  </testcase> <!-- menSectionCart -->
</testsuite> <!-- Default test -->
