<?xml version="1.0" encoding="UTF-8"?>
<!-- Generated by org.testng.reporters.JUnitXMLReporter -->
<testsuite ignored="0" hostname="DESKTOP-19MK4S1" failures="0" tests="6" name="Default test" time="1.093" errors="0" timestamp="2024-09-30T06:22:21 IST">
  <testcase classname="general.ExcelToDataProviderClass" name="runData" time="0.012"/>
  <testcase classname="general.ExcelToDataProviderClass" name="runData" time="0.002"/>
  <testcase classname="general.ExcelToDataProviderClass" name="runData" time="0.003"/>
  <testcase classname="general.ExcelToDataProviderClass" name="runData" time="0.002"/>
  <testcase classname="general.ExcelToDataProviderClass" name="runData" time="0.002"/>
  <testcase classname="general.ExcelToDataProviderClass" name="runData" time="0.001"/>
</testsuite> <!-- Default test -->
