<?xml version="1.0" encoding="UTF-8"?>
<!-- Generated by org.testng.reporters.JUnitXMLReporter -->
<testsuite ignored="4" hostname="DESKTOP-19MK4S1" failures="3" tests="3" name="Test" time="0.174" errors="0" timestamp="2023-07-15T11:36:43 IST">
  <testcase classname="com.luma.qspiders.endtoendtest.LumaTestCase" name="LumaWishListToCartCheck" time="0.039">
    <failure type="java.lang.NullPointerException" message="Cannot invoke &amp;quot;org.openqa.selenium.WebDriver.manage()&amp;quot; because &amp;quot;driver&amp;quot; is null">
      <![CDATA[java.lang.NullPointerException: Cannot invoke "org.openqa.selenium.WebDriver.manage()" because "driver" is null
at com.luma.qspiders.genericutility.WebDriverUtility1.implicitWaitInSeconds(WebDriverUtility1.java:14)
at com.luma.qspiders.endtoendtest.LumaTestCase.LumaWishListToCartCheck(LumaTestCase.java:151)
at java.base/java.util.ArrayList.forEach(ArrayList.java:1511)
... Removed 25 stack frames]]>
    </failure>
  </testcase> <!-- LumaWishListToCartCheck -->
  <testcase classname="com.luma.qspiders.endtoendtest.LumaTestCase" name="lumaCompareProducts" time="0.004">
    <failure type="java.lang.NullPointerException" message="Cannot invoke &amp;quot;org.openqa.selenium.WebDriver.manage()&amp;quot; because &amp;quot;driver&amp;quot; is null">
      <![CDATA[java.lang.NullPointerException: Cannot invoke "org.openqa.selenium.WebDriver.manage()" because "driver" is null
at com.luma.qspiders.genericutility.WebDriverUtility1.implicitWaitInMillis(WebDriverUtility1.java:18)
at com.luma.qspiders.endtoendtest.LumaTestCase.lumaCompareProducts(LumaTestCase.java:100)
at java.base/java.util.ArrayList.forEach(ArrayList.java:1511)
... Removed 25 stack frames]]>
    </failure>
  </testcase> <!-- lumaCompareProducts -->
  <testcase classname="com.luma.qspiders.endtoendtest.LumaTestCase" name="menSectionCart" time="0.004">
    <failure type="java.lang.NullPointerException" message="Cannot invoke &amp;quot;org.openqa.selenium.WebDriver.manage()&amp;quot; because &amp;quot;driver&amp;quot; is null">
      <![CDATA[java.lang.NullPointerException: Cannot invoke "org.openqa.selenium.WebDriver.manage()" because "driver" is null
at com.luma.qspiders.genericutility.WebDriverUtility1.implicitWaitInSeconds(WebDriverUtility1.java:14)
at com.luma.qspiders.endtoendtest.LumaTestCase.menSectionCart(LumaTestCase.java:33)
at java.base/java.util.ArrayList.forEach(ArrayList.java:1511)
... Removed 25 stack frames]]>
    </failure>
  </testcase> <!-- menSectionCart -->
  <testcase classname="com.luma.qspiders.endtoendtest.LumaTestCase" name="LumaApplyFilterToProduct" time="0.0">
    <ignored/>
  </testcase> <!-- LumaApplyFilterToProduct -->
  <testcase classname="com.luma.qspiders.endtoendtest.LumaTestCase" name="ProductRemoving" time="0.0">
    <ignored/>
  </testcase> <!-- ProductRemoving -->
  <testcase classname="com.luma.qspiders.endtoendtest.LumaTestCase" name="searchProductWishlist" time="0.0">
    <ignored/>
  </testcase> <!-- searchProductWishlist -->
  <testcase classname="com.luma.qspiders.endtoendtest.LumaTestCase" name="homePageCheck" time="0.0">
    <ignored/>
  </testcase> <!-- homePageCheck -->
</testsuite> <!-- Test -->
