<?xml version="1.0" encoding="UTF-8"?>
<testng-results ignored="0" total="6" passed="6" failed="0" skipped="0">
  <reporter-output>
  </reporter-output>
  <suite started-at="2024-09-30T06:22:20 IST" name="Default suite" finished-at="2024-09-30T06:22:21 IST" duration-ms="1093">
    <groups>
    </groups>
    <test started-at="2024-09-30T06:22:20 IST" name="Default test" finished-at="2024-09-30T06:22:21 IST" duration-ms="1093">
      <class name="general.ExcelToDataProviderClass">
        <test-method signature="runData(java.lang.Object,java.lang.Object)[pri:0, instance:general.ExcelToDataProviderClass@399f45b1]" started-at="2024-09-30T06:22:21 IST" name="runData" data-provider="dataFromExcel" finished-at="2024-09-30T06:22:21 IST" duration-ms="12" status="PASS">
          <params>
            <param index="0">
              <value>
                <![CDATA[testauto@gmail.com]]>
              </value>
            </param>
            <param index="1">
              <value>
                <![CDATA[Test@123]]>
              </value>
            </param>
          </params>
          <reporter-output>
          </reporter-output>
        </test-method> <!-- runData -->
        <test-method signature="runData(java.lang.Object,java.lang.Object)[pri:0, instance:general.ExcelToDataProviderClass@399f45b1]" started-at="2024-09-30T06:22:21 IST" name="runData" data-provider="dataFromExcel" finished-at="2024-09-30T06:22:21 IST" duration-ms="2" status="PASS">
          <params>
            <param index="0">
              <value>
                <![CDATA[jayanthsiddesh205@gmail.com]]>
              </value>
            </param>
            <param index="1">
              <value>
                <![CDATA[Jayanth@1999]]>
              </value>
            </param>
          </params>
          <reporter-output>
          </reporter-output>
        </test-method> <!-- runData -->
        <test-method signature="runData(java.lang.Object,java.lang.Object)[pri:0, instance:general.ExcelToDataProviderClass@399f45b1]" started-at="2024-09-30T06:22:21 IST" name="runData" data-provider="dataFromExcel" finished-at="2024-09-30T06:22:21 IST" duration-ms="3" status="PASS">
          <params>
            <param index="0">
              <value>
                <![CDATA[testAcct@gmail.com]]>
              </value>
            </param>
            <param index="1">
              <value>
                <![CDATA[Test@00]]>
              </value>
            </param>
          </params>
          <reporter-output>
          </reporter-output>
        </test-method> <!-- runData -->
        <test-method signature="runData(java.lang.Object,java.lang.Object)[pri:0, instance:general.ExcelToDataProviderClass@399f45b1]" started-at="2024-09-30T06:22:21 IST" name="runData" data-provider="dataFromExcel" finished-at="2024-09-30T06:22:21 IST" duration-ms="2" status="PASS">
          <params>
            <param index="0">
              <value>
                <![CDATA[testInvalid@test.com]]>
              </value>
            </param>
            <param index="1">
              <value>
                <![CDATA[testPass@09]]>
              </value>
            </param>
          </params>
          <reporter-output>
          </reporter-output>
        </test-method> <!-- runData -->
        <test-method signature="runData(java.lang.Object,java.lang.Object)[pri:0, instance:general.ExcelToDataProviderClass@399f45b1]" started-at="2024-09-30T06:22:21 IST" name="runData" data-provider="dataFromExcel" finished-at="2024-09-30T06:22:21 IST" duration-ms="2" status="PASS">
          <params>
            <param index="0">
              <value is-null="true"/>
            </param>
            <param index="1">
              <value is-null="true"/>
            </param>
          </params>
          <reporter-output>
          </reporter-output>
        </test-method> <!-- runData -->
        <test-method signature="runData(java.lang.Object,java.lang.Object)[pri:0, instance:general.ExcelToDataProviderClass@399f45b1]" started-at="2024-09-30T06:22:21 IST" name="runData" data-provider="dataFromExcel" finished-at="2024-09-30T06:22:21 IST" duration-ms="1" status="PASS">
          <params>
            <param index="0">
              <value is-null="true"/>
            </param>
            <param index="1">
              <value is-null="true"/>
            </param>
          </params>
          <reporter-output>
          </reporter-output>
        </test-method> <!-- runData -->
      </class> <!-- general.ExcelToDataProviderClass -->
    </test> <!-- Default test -->
  </suite> <!-- Default suite -->
</testng-results>
