<?xml version="1.0" encoding="UTF-8"?>
<!-- Generated by org.testng.reporters.JUnitXMLReporter -->
<testsuite ignored="0" hostname="DESKTOP-19MK4S1" failures="0" tests="7" name="Edge browser Test" time="15.078" errors="0" timestamp="2023-06-06T15:06:55 IST">
  <testcase classname="com.luma.qspiders.endtoendtest.LumaTestCase" name="homePageCheck" time="0.0">
    <skipped/>
  </testcase> <!-- homePageCheck -->
  <testcase classname="com.luma.qspiders.endtoendtest.LumaTestCase" name="searchProductWishlist" time="0.0">
    <skipped/>
  </testcase> <!-- searchProductWishlist -->
  <testcase classname="com.luma.qspiders.endtoendtest.LumaTestCase" name="lumaCompareProducts" time="0.0">
    <skipped/>
  </testcase> <!-- lumaCompareProducts -->
  <testcase classname="com.luma.qspiders.endtoendtest.LumaTestCase" name="LumaWishListToCartCheck" time="0.0">
    <skipped/>
  </testcase> <!-- LumaWishListToCartCheck -->
  <testcase classname="com.luma.qspiders.endtoendtest.LumaTestCase" name="ProductRemoving" time="0.0">
    <skipped/>
  </testcase> <!-- ProductRemoving -->
  <testcase classname="com.luma.qspiders.endtoendtest.LumaTestCase" name="LumaApplyFilterToProduct" time="0.0">
    <skipped/>
  </testcase> <!-- LumaApplyFilterToProduct -->
  <testcase classname="com.luma.qspiders.endtoendtest.LumaTestCase" name="menSectionCart" time="0.0">
    <skipped/>
  </testcase> <!-- menSectionCart -->
</testsuite> <!-- Edge browser Test -->
